<?xml version="1.0" encoding="UTF-8"?>
<testng-results ignored="2" total="3" passed="1" failed="0" skipped="0">
  <reporter-output>
  </reporter-output>
  <suite started-at="2023-11-02T15:05:19 IST" name="Suite" finished-at="2023-11-02T15:05:33 IST" duration-ms="14241">
    <groups>
      <group name="IT">
        <method signature="DWS_ProducttoCart_03_Test.add_products_to_cart()[pri:0, instance:login.DWS_ProducttoCart_03_Test@53aac487]" name="add_products_to_cart" class="login.DWS_ProducttoCart_03_Test"/>
      </group> <!-- IT -->
    </groups>
    <test started-at="2023-11-02T15:05:19 IST" name="Test" finished-at="2023-11-02T15:05:33 IST" duration-ms="14241">
      <class name="login.DWS_ProducttoCart_03_Test">
        <test-method is-config="true" signature="launchingBrowserAndNavigateToApp()[pri:0, instance:login.DWS_ProducttoCart_03_Test@53aac487]" started-at="2023-11-02T15:05:20 IST" name="launchingBrowserAndNavigateToApp" finished-at="2023-11-02T15:05:31 IST" duration-ms="11290" status="PASS">
          <reporter-output>
          </reporter-output>
        </test-method> <!-- launchingBrowserAndNavigateToApp -->
        <test-method is-config="true" signature="loginToApplication()[pri:0, instance:login.DWS_ProducttoCart_03_Test@53aac487]" started-at="2023-11-02T15:05:31 IST" name="loginToApplication" finished-at="2023-11-02T15:05:31 IST" duration-ms="47" status="PASS">
          <reporter-output>
          </reporter-output>
        </test-method> <!-- loginToApplication -->
        <test-method signature="add_products_to_cart()[pri:0, instance:login.DWS_ProducttoCart_03_Test@53aac487]" started-at="2023-11-02T15:05:31 IST" name="add_products_to_cart" finished-at="2023-11-02T15:05:33 IST" duration-ms="2038" status="PASS">
          <reporter-output>
          </reporter-output>
        </test-method> <!-- add_products_to_cart -->
        <test-method is-config="true" signature="logoutFromApplication()[pri:0, instance:login.DWS_ProducttoCart_03_Test@53aac487]" started-at="2023-11-02T15:05:33 IST" name="logoutFromApplication" finished-at="2023-11-02T15:05:33 IST" duration-ms="2" status="PASS">
          <reporter-output>
          </reporter-output>
        </test-method> <!-- logoutFromApplication -->
        <test-method is-config="true" signature="tearDownTheBrowser()[pri:0, instance:login.DWS_ProducttoCart_03_Test@53aac487]" started-at="2023-11-02T15:05:33 IST" name="tearDownTheBrowser" finished-at="2023-11-02T15:05:33 IST" duration-ms="315" status="PASS">
          <reporter-output>
          </reporter-output>
        </test-method> <!-- tearDownTheBrowser -->
      </class> <!-- login.DWS_ProducttoCart_03_Test -->
    </test> <!-- Test -->
  </suite> <!-- Suite -->
</testng-results>
